../data_google_images_download//1.banana-frittersh.jpg	https://lovefoodies.com/banana-fritters/
../data_google_images_download//2.banana-fritters-1.jpg	https://www.goodto.com/recipes/banana-fritters
../data_google_images_download//3.jamaican-banana-fritters-9.jpg	https://www.myforkinglife.com/banana-fritters/
../data_google_images_download//4.banana-fritters-2.jpg	https://grandbaby-cakes.com/banana-fritters/
../data_google_images_download//5.goreng-pisang-14.jpg.webp.jpg	https://www.wokandskillet.com/pisang-goreng-banana-fritters/
../data_google_images_download//6.banana-fritters_exps_ft21_5312_f_1012_1.jpg	https://www.tasteofhome.com/recipes/banana-fritters/
../data_google_images_download//7.59982493.cms.jpg	https://recipes.timesofindia.com/recipes/unripe-banana-fritters/rs59982493.cms
../data_google_images_download//8.banana-fritters-28785-1.jpg	https://www.delicious.com.au/recipes/banana-fritters-easy-indulgent-dessert-you-can-serve-tonight/796bd8ec-21db-473e-83b3-8330550c8c00
../data_google_images_download//9.banana-fritters-texture.jpg	https://www.preciouscore.com/banana-fritters/
../data_google_images_download//10.banana-fritters-featured-new.jpg	https://omgchocolatedesserts.com/banana-fritters/
../data_google_images_download//11.mh_1111_banana_fritters_vert.jpg	https://www.marthastewart.com/349036/banana-fritters
../data_google_images_download//12.101811-8809-mx.jpg	https://www.cdkitchen.com/recipes/recs/1541/Vietnamese-Banana-Fritters130938.shtml
../data_google_images_download//13.banana-fritter.jpg	https://www.gofooddy.com/breakfast-recipes/banana-fritters-banana-fritters-recipe/
../data_google_images_download//14.banana-fritters.jpg	https://www.foxyfolksy.com/maruya-banana-fritters/
../data_google_images_download//15.banana-fritters-edit-writing.jpg	https://www.godairyfree.org/recipes/banana-fritters
../data_google_images_download//16.banana-fritters.jpg	https://tastyrecipes.sapeople.com/banana-fritters/
../data_google_images_download//17.banana-fritter2-3-480x480.jpg	https://recipesformen.com/recipe-for-banana-fritters/
../data_google_images_download//18.135602104-56a143685f9b58b7d0bd9916.jpg	https://www.thespruceeats.com/candied-banana-fritters-recipe-694459
../data_google_images_download//19.banana-fritter-1.jpg	https://iambaker.net/banana-fritters/
../data_google_images_download//20.banana-fritters-5.jpg	https://www.foodleclub.com/banana-fritters/
../data_google_images_download//21.banana-fritters-recipes-with-banana.jpg	https://delishably.com/desserts/Banana-Fritters-Recipes-with-Banana
../data_google_images_download//22.1802_chinese-banana-fritters_002.jpg	https://omnivorescookbook.com/chinese-banana-fritters/
../data_google_images_download//23.kuih-kodok-1.jpg	https://rasamalaysia.com/kuih-kodok-recipe-malaysian-fried-banana-fritters/
../data_google_images_download//24.leah-cohen-turon-kb-main-211026.jpg	https://www.today.com/recipes/turon-crisp-banana-fritters-recipe-t236002
../data_google_images_download//25.tg_s01e01_banana-fritters-with-coconut-and-honey_1.jpg	https://www.sbs.com.au/food/recipes/banana-fritters-coconut-and-honey
../data_google_images_download//26.banana-fritters-on-a-plate.jpg	https://www.thehealthyhomeeconomist.com/to-die-for-no-grain-banana-fritters/
../data_google_images_download//27.banana_fritters4-1024x1536.jpg	https://www.foodelicacy.com/honey-drizzled-golden-banana-fritters/
../data_google_images_download//28.r01940_thai_fried_banana_fritters.jpg	https://asianinspirations.com.au/recipes/thai-fried-banana-fritters-kluay-kaek/
../data_google_images_download//29.gulgulas-banana-fritters-indian-style-1958023-hero-02-def8fb4561eb4d3bac24bc774e526079.jpg	https://www.thespruceeats.com/gulgulas-banana-fritters-indian-style-1958023
../data_google_images_download//30.thai-style-banana-fritters-500x375.jpg	https://zestysouthindiankitchen.com/thai-style-banana-fritters-kluay-kaek/
../data_google_images_download//31.maruya-7.jpg	https://devour.asia/maruya-banana-fritters/
../data_google_images_download//32.banana-fritter-feature-image.jpg	https://www.youtotallygotthis.com/air-fryer-healthy-banana-fritters/
../data_google_images_download//33.jamaican-banana-fritters-10.jpg	https://www.myforkinglife.com/banana-fritters/
../data_google_images_download//34.4933366.jpg	https://www.allrecipes.com/recipe/246231/baked-banana-fritters/
../data_google_images_download//35.banana-fritter-cafe-delites-1-8.19.59-pm.jpg	https://cafedelites.com/french-toast-banana-fritters/
../data_google_images_download//36.banana-fritters-recipe.jpg	https://www.preciouscore.com/banana-fritters/
../data_google_images_download//37.banana-fritter2-6.jpg	https://recipesformen.com/recipe-for-banana-fritters/
../data_google_images_download//38.220px-pisang_goreng_with_vanilla_ice_cream.jpg	https://en.wikipedia.org/wiki/Banana_fritter
../data_google_images_download//39.banana-fritters-1.jpg	https://www.elmundoeats.com/en/malaysian-style-banana-fritters-cucur-pisang/
../data_google_images_download//40.buckwheat-banana-fritters-2.jpg	https://www.cuisinefiend.com/637/banana-fritters
../data_google_images_download//41.banana-fritters-easy-recipe-507149-1.jpg	https://www.bestrecipes.com.au/recipes/banana-fritters-easy-recipe/z2iwa39b
../data_google_images_download//42.airfryerbananafritters.jpg	https://thesixfiguredish.com/air-fryer-banana-fritters/
../data_google_images_download//43.banana-fritters-recipes-with-banana.jpg	https://delishably.com/desserts/Banana-Fritters-Recipes-with-Banana
../data_google_images_download//44.banana-fritters-21.jpg	https://www.jocooks.com/recipes/banana-fritters/
../data_google_images_download//45.a6454a57-23b7-4884-b6fa-b4a73b28d7fe.jpg	https://www.sidechef.com/recipes/75836/pisang_goreng_banana_fritters/
../data_google_images_download//46.img_2247.jpg	https://www.guaishushu1.com/banana-fritters-or-pisang-goreng-%E7%82%B8%E9%A6%99%E8%95%89%EF%BC%89/
../data_google_images_download//47.mcmxydhzreevpuel7l8w-img_5181.jpg	https://www.food.com/recipe/mas-secret-jamaican-banana-fritters-178775
../data_google_images_download//48.banana-pineapple-fritter.jpg.webp	https://www.sbs.com.au/food/recipes/pineapple-banana-fritters
../data_google_images_download//49.washington-banana-fritters.jpg	https://www.newyorker.com/culture/kitchen-notes/a-lifetime-of-pancakes-and-jamaican-banana-fritters
../data_google_images_download//50.1img_20180615_140414.jpg	https://johorkaki.blogspot.com/2018/06/lim-kee-orchard-goreng-pisang-fried.html
../data_google_images_download//51.image.jpg	https://www.allrecipes.com/recipe/20490/banana-fritters/
../data_google_images_download//52.maruya-fritters-6-768x1024.jpg	https://www.kawalingpinoy.com/maruya/
../data_google_images_download//53.1559790543031.jpg	https://www.goodfood.com.au/recipes/banana-fritters-with-cinnamon-chocolate-sauce-20190604-h1f2lb
../data_google_images_download//54.banana-pancake-fritters-web-11-of-26.jpg	https://pancakerecipes.com/banana-fritters/
../data_google_images_download//55.bananafritter-pisanggoreng5.jpg	https://mykitchen101en.com/crispy-deep-fried-banana-fritters-pisang-goreng/
../data_google_images_download//56.banana-fritters-with-golden-syrup.jpg	https://www.womensweeklyfood.com.au/recipes/banana-fritters-with-golden-syrup-22997
../data_google_images_download//57.aid399840-v4-1200px-make-banana-fritters-step-17.jpg	https://www.wikihow.com/Make-Banana-Fritters
../data_google_images_download//58.kerala-banana-fritters-1b-480x360.jpg	https://nishkitchen.com/kerala-banana-fritters-pazham-pori-ethakka-appam/
../data_google_images_download//59.banana-fritters-with-vanilla-caramel-sauce.1024x1024.jpg	https://norecipes.com/banana-fritters-with-vanilla-caramel-sauce/
../data_google_images_download//60.847edfee5b484f80bd36498479e6e8ca.jpg	https://www.pinterest.com/pin/99571841754651427/
../data_google_images_download//61.djibouti-banana-fritters-1024x684-1-480x270.jpg	https://www.internationalcuisine.com/djibouti-banana-fritters/
../data_google_images_download//62.banana-fritters1.jpg	https://www.jocooks.com/recipes/banana-fritters/
../data_google_images_download//63.final-2-6.jpg	https://sheriscooking.com/2020/06/thai-banana-fritterripe-banana-frythai-street-food.html/
../data_google_images_download//64.banana-fritters-.jpg	https://www.stayathomemum.com.au/recipes/banana-fritters/
../data_google_images_download//65.maxresdefault.jpg	https://www.youtube.com/watch?v=EwX0iOBTeo0
../data_google_images_download//66.ainsleys-gmf-210_banana_fritters.jpg	https://www.sbs.com.au/food/recipes/caribbean-cinnamon-banana-fritters-chocolate-sauce-dip
../data_google_images_download//67.maxresdefault.jpg	https://www.okrapantry.com/2021/02/06/african-banana-fritters/
../data_google_images_download//68.pineapple-or-banana-fritters-924591.jpg	https://www.bigoven.com/recipe/pineapple-or-banana-fritters/165410
../data_google_images_download//69.banana-fritters-2.jpg	https://www.asaucykitchen.com/banana-fritters/
../data_google_images_download//70.img_2588.jpg	https://ashleyparamore.com/banana-fritters-week-55-djibouti/
../data_google_images_download//71.coconut-banana-fritters-83101-1.jpeg	https://www.taste.com.au/recipes/coconut-banana-fritters/8654850f-2d78-4463-a384-1acf403ecabc
../data_google_images_download//72.burmese-banana-fritters-1024px-1024x715.jpg	http://loveisinmytummy.com/2016/04/burmese-banana-fritters.html
../data_google_images_download//73.skillet-banana-fritters_exps_cimz18_15040_c09_05_6b.jpg	https://www.tasteofhome.com/recipes/skillet-banana-fritters/
../data_google_images_download//74.img_8629.jpg	https://whattocooktoday.com/banana-fritters.html
../data_google_images_download//75.pxl_20210427_010006137.portrait-01.jpeg	https://blendofspicesbysara.com/banana-fritters-pazha-kachayam/
../data_google_images_download//76.img_k011.jpg	https://www.rotinrice.com/kuih-kodok-mashed-banana-fritters-a-guest-post-for-ang-sarap/
../data_google_images_download//77.mama-noi%e2%80%99s-banana-fritters4.jpg	https://www.marionskitchen.com/mama-nois-banana-fritters/
../data_google_images_download//78.20201118-make-the-perfect-banana-fritters_feat-img.jpg	https://asianinspirations.com.au/food-knowledge/make-the-perfect-crispy-banana-fritters/
../data_google_images_download//79.54713687.cms.jpg	https://recipes.timesofindia.com/recipes/banana-fritters/rs54713687.cms
../data_google_images_download//80.he-banansesamefritter-52d9fad7-399d-4b3e-ace8-e5088697e6a5-0-472x310.jpg	https://realfood.tesco.com/recipes/sesame-banana-fritters.html
../data_google_images_download//81.tasty-eggless-banana-fritters2-1280x720.jpg	http://www.flavorsofmumbai.com/eggless-banana-fritters/
../data_google_images_download//82.baked-banana-fritters-w-name.jpg	https://www.a-kitchen-addiction.com/baked-banana-fritters/
../data_google_images_download//83.chinese-banana-fritters-961068-1.jpg.webp	https://www.bestrecipes.com.au/recipes/chinese-banana-fritters/ozk1xbg7
../data_google_images_download//84.maxresdefault.jpg	https://www.youtube.com/watch?v=sI69WbIA850
../data_google_images_download//85.be8b2cf7477abc3c9c3d_1024.jpg	https://recipeland.com/recipe/v/mashed-banana-fritters-50103
../data_google_images_download//86.banana-fritters-2-site.jpg	https://omgchocolatedesserts.com/banana-fritters/
../data_google_images_download//87.banana-fritters-8-500x375.jpg	https://foreignfork.com/banana-fritters/
../data_google_images_download//88.3467732.jpg	https://www.allrecipes.com/recipe/47104/pisang-goreng-indonesian-banana-fritters/
../data_google_images_download//89.banana-fritters-6.jpg	https://www.foodleclub.com/banana-fritters/
../data_google_images_download//90.image-4.png	https://www.africanbites.com/caribbean-banana-fritters/
../data_google_images_download//91.maruya.jpg	https://devour.asia/maruya-banana-fritters/
../data_google_images_download//92.1359055819281.jpeg	https://www.cookingchanneltv.com/recipes/ching-he-huang/banana-toffee-fritters-2124480
../data_google_images_download//93.banana-fritters-with-caramel-sauce-12857-1.jpeg	https://www.taste.com.au/recipes/banana-fritters-caramel-sauce/4ee60fdf-5a27-4bea-8f2b-6a8e329b2f03
../data_google_images_download//94.thai-banana-fritter.jpg	https://www.kannammacooks.com/thai-banana-fritters-thai-kluay-kaek/
../data_google_images_download//95.fsdhg.jpg	https://honestcooking.com/pineapple-banana-southern-style-fritters-recipe/
