../data_google_images_download//1.fried-bananas.jpg	https://rasamalaysia.com/fried-bananas/
../data_google_images_download//2.banana-fritter2-3-720x405.jpg	https://recipesformen.com/recipe-for-banana-fritters/
../data_google_images_download//3.goreng-pisang-14.jpg.webp.jpg	https://www.wokandskillet.com/pisang-goreng-banana-fritters/
../data_google_images_download//4.fried-bananas-featured-2021.jpg	https://healthyrecipesblogs.com/fried-bananas/
../data_google_images_download//5.l-intro-1643311973.jpg	https://www.tastingtable.com/749339/deep-fried-bananas-recipe/
../data_google_images_download//6.fried-bananas-5sq-500x500.jpg	https://veggiedesserts.com/fried-bananas/
../data_google_images_download//7.fried-bananas-with-coconut-caramel-sauce-1-1-500x375.jpg	https://www.kawalingpinoy.com/fried-bananas-with-salted-coconut-caramel-sauce/
../data_google_images_download//8.fried-bananas-in-crispy-batter-3217325-hero_06-b73c6d17444249db8a48afdc6922cf81.jpg	https://www.thespruceeats.com/fried-bananas-in-crispy-batter-3217325
../data_google_images_download//9.filipino-banana-cue-sweet-simple-vegan.jpg	https://sweetsimplevegan.com/banana-cue/
../data_google_images_download//10.pan-fried-honey-banana-blog-2-500x500.jpg	https://bellyfull.net/pan-fried-honey-banana/
../data_google_images_download//11.banana_fritter_recipe_goreng_pisang_shutterstock_82725232.jpg	https://www.archanaskitchen.com/thai-style-fried-bananas-recipe
../data_google_images_download//12.fried-bananas-34.jpg	https://cheflolaskitchen.com/fried-banana/
../data_google_images_download//13.pisang-goreng-indonesian-fried-bananas-3.jpg	https://dailycookingquest.com/pisang-goreng-indonesian-fried-banana.html
../data_google_images_download//14.maxresdefault.jpg	https://www.youtube.com/watch?v=hQiODV4KLqc
../data_google_images_download//15.pan-fried-bananas-in-pan.jpg	https://www.healthylittlefoodies.com/cinnamon-bananas/
../data_google_images_download//16.vietnam-fried-bananas-8-1200x1200.jpg	https://www.cookist.com/vietnam-fried-bananas-a-crispy-and-delectable-way-to-savor-bananas/
../data_google_images_download//17.cinnamon-honey-fried-bananas-square.jpg	https://keviniscooking.com/cinnamon-honey-fried-bananas/
../data_google_images_download//18.fried-bananas-gluay-kag.jpg	https://hot-thai-kitchen.com/fried-bananas-new/
../data_google_images_download//19.banana-fritters-28785-1.jpg	https://www.delicious.com.au/recipes/banana-fritters-easy-indulgent-dessert-you-can-serve-tonight/796bd8ec-21db-473e-83b3-8330550c8c00
../data_google_images_download//20.deep-fried-bananas-banana-empanada-banana-fritters-topped-with-caramel.jpg	https://www.easyanddelish.com/deep-fried-bananas/
../data_google_images_download//21.grandmarnierbananas.jpg	https://www.foodrepublic.com/recipes/grand-marnier-deep-fried-bananas-recipe/
../data_google_images_download//22.59982493.cms.jpg	https://recipes.timesofindia.com/recipes/unripe-banana-fritters/rs59982493.cms
../data_google_images_download//23.image.jpg	https://www.myrecipes.com/extracrispy/pan-fried-cinnamon-bananas-are-ridiculously-easy
../data_google_images_download//24.r01940_thai_fried_banana_fritters.jpg	https://asianinspirations.com.au/recipes/thai-fried-banana-fritters-kluay-kaek/
../data_google_images_download//25.fried-banana-and-butterscotch-sauce-recipe.jpg	https://www.viva.co.nz/article/food-drink/fried-banana-butterscotch-sauce-recipe/
../data_google_images_download//26.fried-banana.jpeg	https://kusinaniteds.com/2019/04/butter-fried-bananas-with-cinnamon-sugar.html
../data_google_images_download//27.fried-banana-bread-batter-balls-500x500.jpg	https://recipe-garden.com/easy-fried-banana-bread-batter-balls/
../data_google_images_download//28.panfriedhoneybananasfifteenspatulas.jpg	https://www.fifteenspatulas.com/pan-fried-honey-bananas/
../data_google_images_download//29.deep-fried-bananas-2.jpg	https://thecookwaregeek.com/deep-fried-bananas/
../data_google_images_download//30.crispy-fried-banana-02.jpg	https://vnifood.com/recipe/crispy-fried-banana/
../data_google_images_download//31.photo.jpg	https://cookpad.com/ke/recipes/6486729-fried-banana-fruit
../data_google_images_download//32.6586419.jpg	https://www.allrecipes.com/recipe/272347/air-fryer-roasted-bananas/
../data_google_images_download//33.img_p010.jpg	https://www.rotinrice.com/pisang-goreng-banana-fritters/
../data_google_images_download//34.pan-fried-banana.jpg	https://greenbowl2soul.com/pan-fried-banana/
../data_google_images_download//35.200915-111236-d.jpg	https://www.healthychefoil.com/recipe/140
../data_google_images_download//36.1802_chinese-banana-fritters_002.jpg	https://omnivorescookbook.com/chinese-banana-fritters/
../data_google_images_download//37.crispy-fried-bananas.jpg	https://delishably.com/world-cuisine/Crispy-fried-bananas
../data_google_images_download//38.crispy-fried-bananas.jpg	https://www.oetker.com.my/my-en/our-recipes/r/crispy-fried-bananas
../data_google_images_download//39.153.jpg.webp	https://www.delonghi.com/en-meia/products/kitchen/recipes/multifry/youngfh1130/fried-bananas
../data_google_images_download//40.banana_fritters8d.jpg	https://www.foodelicacy.com/honey-drizzled-golden-banana-fritters/
../data_google_images_download//41.pisang-goreng-recipe-1000x500.jpg	https://recipesaresimple.com/recipe/pisang-goreng-fried-banana/
../data_google_images_download//42.fried+bananas+cover.jpg	https://shesimmers.com/2010/08/thai-fried-banana-recipe-tutorial.html
../data_google_images_download//43.pisang_goreng.jpg	https://vforveggy.com/fried-bananas.html
../data_google_images_download//44.caramelized-banana.png	https://girlswhoeat.com/air-fryer-caramelized-bananas/
../data_google_images_download//45.street-style-thai-fried-banana-2.jpg	https://courageouskitchen.org/2020/03/thai-fried-banana-street-food-recipe/
../data_google_images_download//46.46963-7746-mx.jpg	https://www.cdkitchen.com/recipes/recs/899/Vietnamese-Fried-Banana76179.shtml
../data_google_images_download//47.mexican-fried-bananas.jpg	https://inmamamaggieskitchen.com/mexican-fried-bananas/
../data_google_images_download//48.crisp-banana-split.jpg.webp	https://www.sbs.com.au/food/recipes/crispy-banana-split
../data_google_images_download//49.air-fried-banana.jpg	https://airfrywithme.com/air-fried-banana/
../data_google_images_download//50.2380812.jpg	https://www.allrecipes.com/recipe/244416/fried-sweet-bananas/
../data_google_images_download//51.pisang-goreng-indonesian-fried-bananas-2.jpg	https://dailycookingquest.com/pisang-goreng-indonesian-fried-banana.html
../data_google_images_download//52.fried-banana.jpg	https://jamiegeller.com/recipes/thai-fried-banana-dessert/
../data_google_images_download//53.maxresdefault.jpg	https://www.youtube.com/watch?v=I6vNntM3Js0
../data_google_images_download//54.fried-bananas-32.jpg.webp	https://cheflolaskitchen.com/fried-banana/
../data_google_images_download//55.fried-bananas-in-crispy-batter-3217325_hero-5b5f083bc9e77c0050b18d8b.jpg	https://www.thespruceeats.com/thai-banana-dessert-recipes-3217390
../data_google_images_download//56.36de6bfa-2378-4f40-94b4-8a775df2f784.jpg	https://www.sidechef.com/recipes/4225/deep_fried_bananas_foster/
../data_google_images_download//57.malaysian-dessert-684x1024.jpg	https://www.internationalcuisine.com/malaysian-fried-bananas/
../data_google_images_download//58.fried-bananas-with-coconut-caramel-sauce-768x1024.jpg	https://www.kawalingpinoy.com/fried-bananas-with-salted-coconut-caramel-sauce/
../data_google_images_download//59.1371595322045.jpeg	https://www.foodnetwork.com/recipes/robert-irvine/fried-bananas-with-lavender-honey-and-five-spice-chocolate-recipe-1923478
../data_google_images_download//60.big_fried_bananas-10421.jpg	https://www.tarladalal.com/fried-bananas-4173r
../data_google_images_download//61.fried-banana-dessert-recipe.jpg	https://www.restaurantbusinessonline.com/recipedia/fried-banana-dessert
../data_google_images_download//62.air-fried-banana-5-678x1024.jpg	https://airfryerfanatics.com/air-fried-bananas-in-8-minutes/
../data_google_images_download//63.banana-coconut-cream-bowl-so-easy-to-make-coconuts-kettlebells.jpg	https://coconutsandkettlebells.com/pan-fried-bananas-with-coconut-cream/
../data_google_images_download//64.recipefried-bananas-recipe.1024x1024.jpg	https://norecipes.com/fried-bananas-recipe/
../data_google_images_download//65.fried-bananas-1-2021.jpg	https://healthyrecipesblogs.com/fried-bananas/
../data_google_images_download//66.fried-bananas-91.jpg	https://rachelcooksthai.com/thai-fried-bananas/
../data_google_images_download//67.breded-fried-bananas-2000.jpg	https://hadiaslebanesecuisine.com/newsite/recipe-items/breaded-fried-bananas/
../data_google_images_download//68.pisang_goreng_will_budiaman_450x360.jpg	https://www.thedailymeal.com/pisang-goreng-indonesian-fried-bananas-recipe
../data_google_images_download//69.airfryerbananafritters.jpg	https://thesixfiguredish.com/air-fryer-banana-fritters/
../data_google_images_download//70.final-2-9.jpg	https://sheriscooking.com/2020/06/thai-banana-fritterripe-banana-frythai-street-food.html/
../data_google_images_download//71.fried-bananas-gluay-todd--md-133034p200310.jpg	https://en.petitchef.com/recipes/appetizer/fried-bananas-gluay-todd-fid-316623
../data_google_images_download//72.r02687_crispy_panko_banana_fritters.jpg	https://asianinspirations.com.au/recipes/crispy-panko-banana-fritters/
../data_google_images_download//73.5-minute-vegan-fried-banana-recipe-5-ways-to-use-bananas-4.jpg	https://www.foodbymaria.com/fried-banana-recipe/
../data_google_images_download//74.fried-bananas-1-1.jpg	https://cooktoria.com/fried-bananas/
../data_google_images_download//75.banana-fritter-2.jpg.webp	https://recipesformen.com/recipe-for-banana-fritters/
../data_google_images_download//76.air-fried-bananas-hero.jpg	https://www.cleaneatingkitchen.com/air-fryer-bananas/
../data_google_images_download//77.4281321158.jpg	http://www.grouprecipes.com/45374/thai-fried-bananas.html
../data_google_images_download//78.kuih-kodok-1.jpg	https://rasamalaysia.com/kuih-kodok-recipe-malaysian-fried-banana-fritters/
../data_google_images_download//79.sswf-bananadumplings.jpg	http://www.seasaltwithfood.com/2011/06/deep-fried-banana-dumplings.html
../data_google_images_download//80.bananas-fried-in-butter.jpg	https://thriftandspice.com/mexican-fried-bananas/
../data_google_images_download//81.pisang-goreng.jpg	https://jackiem.com.au/2016/10/28/make-pisang-goreng-fried-bananas/
../data_google_images_download//82.cropped-klaytod_4l.jpg	https://importfood.com/recipes/recipe/15-fried-bananas-kluay-tod
../data_google_images_download//83.caramelized-bananas-3.jpg	https://foodwithfeeling.com/caramelized-bananas/
../data_google_images_download//84.processed_20191031_100221.jpg	https://www.thesweetsavorylife.com/blog/sewa7q2nlzvj7s8b76wrt7utu684l3
../data_google_images_download//85.maruya-fried-banana-fritters-01.jpg	http://www.russianfilipinokitchen.com/2014/10/22/maruya-fried-banana-fritters/
../data_google_images_download//86.fried-banana-balls.jpg	https://www.nyonyacooking.com/recipes/fried-banana-balls~HyMxuwsDG5-7
../data_google_images_download//87.fried-bananas-with-ice-cream.jpg	https://www.oetker.com.my/my-en/our-recipes/r/fried-bananas-with-ice-cream
../data_google_images_download//88.banana-fritters-1.jpg	https://www.goodto.com/recipes/banana-fritters
../data_google_images_download//89.a6454a57-23b7-4884-b6fa-b4a73b28d7fe.jpg	https://www.sidechef.com/recipes/75836/pisang_goreng_banana_fritters/
../data_google_images_download//90.thai-style-banana-fritters-500x500.jpg	https://zestysouthindiankitchen.com/thai-style-banana-fritters-kluay-kaek/
../data_google_images_download//91.pisang-goreng-indonesian-fried-bananas-1.jpg	https://dailycookingquest.com/pisang-goreng-indonesian-fried-banana.html
../data_google_images_download//92.air-fryer-bananas-feat-image-square.jpg	https://thishealthykitchen.com/air-fryer-bananas/
../data_google_images_download//93.roasted-bananas-kerala-2.jpg	https://curryandvanilla.com/pan-fried-kerala-banana-plantain-fritters/
../data_google_images_download//94.3452701.jpg	https://www.allrecipes.com/recipe/246261/fried-banana-balls/
../data_google_images_download//95.bananas-instagram.jpg	https://aforkandapencil.com/recipe/fried-bananas-with-coconut-caramel
../data_google_images_download//96.pan-fried-bananas-with-brandy.jpg	https://leitesculinaria.com/84907/recipes-pan-fried-bananas-with-brandy.html
../data_google_images_download//97.coconut-fried-banana.jpg.webp	https://www.sbs.com.au/food/recipes/coconut-fried-banana
../data_google_images_download//98.air-fryer-bananas-2.jpg	https://thishealthykitchen.com/air-fryer-bananas/
