../data_google_images_download//1.r1018-pisanggoreng-new.jpg	https://asianinspirations.com.au/recipes/banana-fritters-goreng-pisang/
../data_google_images_download//2.goreng-pisang-14.jpg.webp.jpg	https://www.wokandskillet.com/pisang-goreng-banana-fritters/
../data_google_images_download//3.goreng-pisang.jpg	https://www.kuali.com/recipe/appetizers-and-snacks/goreng-pisang/
../data_google_images_download//4.crispy-pisang-goreng.jpg	https://www.kuali.com/recipe/shop-cook-eat-repeat/crispy-pisang-goreng/
../data_google_images_download//5.a6454a57-23b7-4884-b6fa-b4a73b28d7fe.jpg	https://www.sidechef.com/recipes/75836/pisang_goreng_banana_fritters/
../data_google_images_download//6.pisang-goreng-1fp.jpg	https://www.196flavors.com/pisang-goreng/
../data_google_images_download//7.maxresdefault.jpg	https://4alltaste.com/recipe/super-easy-crispy-banana-fritters-goreng-pisang-recipe-%E9%A6%99%E8%84%86%E7%82%B8%E9%A6%99%E8%95%89-singapore-malaysian-street-food-p26
../data_google_images_download//8.pisang-goreng.jpg	https://factsofindonesia.com/indonesian-snacks-for-break-the-fast-at-ramadhan/pisang-goreng
../data_google_images_download//9.kicap-manis.jpg	https://eatbook.sg/goreng-pisang-sambal-manis/
../data_google_images_download//10.pisang-goreng-indonesian-fried-bananas-1.jpg	https://dailycookingquest.com/pisang-goreng-indonesian-fried-banana.html
../data_google_images_download//11.pisanggoreng_0.jpg	https://www.ajinomoto.com.my/recipes/seri-aji-banana-fritter
../data_google_images_download//12.39adaab9fbc246298fab59e595e67a56.jpg	https://www.tasteatlas.com/pisang-goreng
../data_google_images_download//13.image.jpg	https://www.allrecipes.com/recipe/47104/pisang-goreng-indonesian-banana-fritters/
../data_google_images_download//14.pisangkejubatamsg-13.jpg	https://www.misstamchiak.com/pisang-keju-batam-sg/
../data_google_images_download//15.pisang-goreng-recipe.jpg	https://recipesaresimple.com/recipe/pisang-goreng-fried-banana/
../data_google_images_download//16.photo.jpg	https://cookpad.com/uk/recipes/11994525-pisang-goreng-indonesia-fried-banana-in-batter
../data_google_images_download//17.pisang-goreng-3.jpg	https://whattocooktoday.com/pisang-goreng.html
../data_google_images_download//18.6f540918-0c09-4536-b501-d740d0acf340-768x1024.jpeg	https://sweecooks.com/pisang-goreng-cheese/
../data_google_images_download//19.170px-pisang_molen.jpg	https://en.wikipedia.org/wiki/Banana_fritter
../data_google_images_download//20.featured_image.jpg	https://www.foodadvisor.my/selangor/bk3-pisang-goreng-stall-puchong/menu
../data_google_images_download//21.pisang-goreng-recipe.jpg	https://www.lokataste.com/pisang-goreng-recipe/
../data_google_images_download//22.pisang-goreng-wijen.jpg	https://www.dreamytable.com/pisang-goreng-banana-fritters/
../data_google_images_download//23.banana-fritters-recipes-with-banana.jpg	https://delishably.com/desserts/Banana-Fritters-Recipes-with-Banana
../data_google_images_download//24.f2b9e7c0-74c1-4413-b4d1-7ff942f7028a.jpg	https://cookidoo.com.cn/recipes/recipe/en-CN/r380545
../data_google_images_download//25.1033254--1193502812-en-us-0_s1000.jpg	https://www.fairprice.com.sg/recipes/detail/pisang-goreng-with-cheese
../data_google_images_download//26.pisang-goreng-original-banana-friter-recipe-main-photo.jpg	https://cookpad.com/uk/recipes/15370477-pisang-goreng-original-banana-friter
../data_google_images_download//27.pisang-goreng-madu-2.jpg	https://dailycookingquest.com/pisang-goreng-madu.html
../data_google_images_download//28.feature-image-template-2.png	https://klfoodie.com/chiam-pisang-goreng-brickfields/
../data_google_images_download//29.goreng-pisang.jpg	http://ieatishootipost.sg/geylang-lor-20-banana-fritters-oh-man-i-just-rediscovered-goreng-pisang/
../data_google_images_download//30.pisang-goreng-indonesian-fried-bananas-3-800x800.jpg	https://dailycookingquest.com/pisang-goreng-indonesian-fried-banana.html
../data_google_images_download//31.shutterstock_245645317.jpg	https://www.happyfresh.my/blog/recipe/simple-pisang-goreng-recipe-for-teatime-snack/
../data_google_images_download//32.pisang-goreng-banana-fritters-manado-260nw-1771036439.jpg	https://www.shutterstock.com/search/pisang+goreng
../data_google_images_download//33.shekinpisanggoreng_400g_1200x1200.png	https://www.guangsfreshmart.com/products/banana-pisang-goreng-frozen-500g
../data_google_images_download//34.pisang-goreng-fried-banana-in-a-plate-on-the-straw-mat-at-yogyakarta-indonesia-my6w6x.jpg	https://www.alamy.com/pisang-goreng-fried-banana-in-a-plate-on-the-straw-mat-at-yogyakarta-indonesia-image188850898.html
../data_google_images_download//35.1-pisang-keju-data.jpg	https://www.8days.sg/eatanddrink/hawkerfood/indonesian-goreng-pisang-keju-batam-cheese-banana-fritters-615701
../data_google_images_download//36.2016-06-18-15.12.26.jpg	https://www.springtomorrow.com/boon-pisang-goreng-long-house-balestier-food-centre/
../data_google_images_download//37.6023bcf832f34d8b9902f9b948f3d242.jpg	https://www.tasteatlas.com/pisang-goreng
../data_google_images_download//38.pisang-goreng.jpg	https://www.expatgo.com/my/2018/07/19/tea-time-a-la-malaysia/pisang-goreng/
../data_google_images_download//39.pisang%20goreng.jpg	http://www.recipies.50webs.com/Pisang%20Goreng.htm
../data_google_images_download//40.pisang-grg-1024x576.jpg	https://www.flokq.com/blog/pisang-goreng-jakarta
../data_google_images_download//41.img.jpg	https://asianfoodnetwork.com/ph/recipes/cuisine/indonesian/pisang-goreng.html
../data_google_images_download//42.azami222.jpg	https://shop.tishasfood.com/product/banana-fritters-pisang-goreng-new
../data_google_images_download//43.banana1.jpg	http://fuzzymazing.blogspot.com/2013/11/banana-fritters-aka-pisang-goreng-thai.html
../data_google_images_download//44.featured_goreng_pisang.png	https://tottstore.com/recipes/pisang-goreng/
../data_google_images_download//45.pisang_goreng_will_budiaman_450x360.jpg	https://www.thedailymeal.com/pisang-goreng-indonesian-fried-bananas-recipe
../data_google_images_download//46.pisang11.jpg	https://thedailyroar.com/food/pisang-goreng-malaysia/
../data_google_images_download//47.pisang+goreng.png	https://www.mamadingskitchen.com/recipes-blog/banana-fritters-pisang-goreng
../data_google_images_download//48.fried-banana-pisang-goreng-popular-260nw-273333194.jpg	https://www.shutterstock.com/search/goreng+pisang
../data_google_images_download//49.wan-jaapar-no77vedi1xg-unsplash.jpg	https://espoletta.com/2020/01/10/pisang-goreng-nostalgic-flavours-revisited/
../data_google_images_download//50.dsc06651.jpg	http://tasty-indonesian-food.com/indonesian-food-recipes/dessert-and-sweet/pisang-goreng/
../data_google_images_download//51.dsc03630.jpg	https://www.crispoflife.com/2018/01/rm-1-for-7-pieces-pisang-goreng-air.html
../data_google_images_download//52.pisang-goreng-2.jpg	https://www.196flavors.com/pisang-goreng/
../data_google_images_download//53.pisang-goreng.jpg	https://jackiem.com.au/2016/10/28/make-pisang-goreng-fried-bananas/
../data_google_images_download//54.maxresdefault.jpg	https://www.youtube.com/watch?v=pWB5CiIgs74
../data_google_images_download//55.url-137.jpeg	http://vegipes.com/recipe/goreng-pisang-chinese-fried-bananas/
../data_google_images_download//56.pisang-goreng-indonesian-fried-bananas-2.jpg	https://dailycookingquest.com/pisang-goreng-indonesian-fried-banana.html
../data_google_images_download//57.deep-fried-banana-known-pisang-260nw-578873749.jpg	https://www.shutterstock.com/image-photo/deep-fried-banana-known-pisang-goreng-578873749
../data_google_images_download//58.fried-plantain-4.jpg	https://indonesiankitchendiary.com/fried-plantain-pisang-goreng/
../data_google_images_download//59.pisang-goreng-recipe-1.jpg	https://www.foodpanda.sg/zh/contents/pisang-goreng-recipe
../data_google_images_download//60.6268633490.jpg	https://thefoodpornographer.com/2011/10/pisang-goreng-fried-banana-stall-on-carpenter-street-kuching/
../data_google_images_download//61.pisang-goreng-fried-banana-served-wooden-table-popular-street-food-south-east-asia-especially-malaysia-indonesia-182926580.jpg	https://www.dreamstime.com/pisang-goreng-fried-banana-served-wooden-table-popular-street-food-south-east-asia-especially-malaysia-indonesia-image182926580
../data_google_images_download//62.209d88bbe1157c503ca4c1b45b57b335.jpg	https://my.whisk.com/recipes/101d195909ffe8553630b586aa934245aef24580a40
../data_google_images_download//63.boon%2bpisang%2bgoreng.jpg	http://www.ijustwantfood.com/2019/08/boon-pisang-goreng-local-delights.html
../data_google_images_download//64.pisang-goreng-4.jpg	https://www.rotinrice.com/pisang-goreng-banana-fritters/
../data_google_images_download//65.pisang-kepok-hand-copy.jpg	https://www.ajourneybespoke.com/journey/food/a-delicious-pisang-goreng-recipe-to-try-this-rainy-season
../data_google_images_download//66.ta-img-20191105-101122.jpg	https://www.tripadvisor.com.sg/Restaurant_Review-g297694-d19298511-Reviews-Hotdoh_Pisang_Goreng_Pulau_Komodo-Denpasar_Bali.html
../data_google_images_download//67.img_8744jk.jpg	https://johorkaki.blogspot.com/2012/09/food-we-love-pisang-goreng-fried-bananas.html
../data_google_images_download//68.pisang-goreng-square.jpg	https://ohmydish.com/recipe/pisang-goreng
../data_google_images_download//69.img_0484.jpg	http://www.tofoodwithlove.com/2011/09/goreng-pisang-with-kicap-cili.html
../data_google_images_download//70.pisang-goreng-indonesian-fried-bananas-4.jpg	https://dailycookingquest.com/pisang-goreng-indonesian-fried-banana.html
../data_google_images_download//71.pisang-goreng.jpg	https://recipesaresimple.com/pisang-goreng-crispy-fried-sweet-bananas/
../data_google_images_download//72.pisang-goreng-banana-fritters-indonesian-traditional-served-white-plate-with-tea_264264-44.jpg.webp	https://www.freepik.com/free-photos-vectors/pisang-goreng/2
../data_google_images_download//73.brickfields-food-pisang-goreng-1.jpg	https://www.lokalocal.com/blog/food/brickfields-food/attachment/brickfields-food-pisang-goreng-1/
../data_google_images_download//74.154942590_3734180346618035_4888800534718270678_o.jpg	https://shop.barakah.sg/products/wanzalehapisanggoreng300g
../data_google_images_download//75.pisang-goreng_keju.jpg	https://pisangsusu.com/pisang-goreng-cheese/
../data_google_images_download//76.pisang-goreng-fried-banana-served-wooden-table-popular-street-food-south-east-asia-especially-malaysia-indonesia-182926393.jpg	https://www.dreamstime.com/pisang-goreng-fried-banana-served-wooden-table-popular-street-food-south-east-asia-especially-malaysia-indonesia-image182926325
../data_google_images_download//77.8094224476_75cb1307b2_o.jpg	https://www.bangsarbabe.com/2012/10/pisang-goreng-azmi.html
../data_google_images_download//78.maxresdefault.jpg	https://www.youtube.com/watch?v=6574LLG57YI
../data_google_images_download//79.5443.jpg	https://tokowarisan.sg/products/dadima-pisang-goreng/
../data_google_images_download//80.crispy-fryday-ah-boy-pisang-goreng.jpg	https://juiceonline.com/chow-down-some-bomb-burgers-rojak-pisang-goreng-and-more-at-piff/
../data_google_images_download//81.dsc_0193jk.jpg	https://johorkaki.blogspot.com/2016/05/uniquely-johor-mawar-pisang-goreng.html
../data_google_images_download//82.7618.jpg	https://tokowarisan.sg/products/sasa-tepung-untuk-pisang-goreng-vanilla/?add-to-cart=14930
../data_google_images_download//83.pisang-goreng-87564-1.jpeg	https://www.taste.com.au/recipes/pisang-goreng/9b714d1a-7b9e-46ba-bc77-4439a279e3b3
../data_google_images_download//84.fried-banana-pisang-goreng-black-212780108.jpg	https://www.dreamstime.com/fried-banana-pisang-goreng-black-image212780108
../data_google_images_download//85.5772.jpg	https://www.marions-kochbuch.com/recipe/5772.htm
../data_google_images_download//86.photo+3.jpg	https://www.penangfoodforthought.com/2014/01/goreng-pisang.html
../data_google_images_download//87.0.jpg	https://www.mobirecipe.com/index.php?proc=article&tit=Goreng-Pisang-%28Chinese-Fried-Bananas%29&accel=1&accel=0
../data_google_images_download//88.img_2245.jpg	https://www.guaishushu1.com/banana-fritters-or-pisang-goreng-%E7%82%B8%E9%A6%99%E8%95%89%EF%BC%89/
../data_google_images_download//89.pisang-goreng-fried-bananas-with-chocolate-and-ice-cream-a-local-well-s164te.jpg	https://www.alamy.com/stock-photo-pisang-goreng-fried-bananas-with-chocolate-and-ice-cream-a-local-well-310536814.html
../data_google_images_download//90.pisang-goreng-6.jpg	https://whattocooktoday.com/pisang-goreng.html
../data_google_images_download//91.stock-photo-pisang-goreng-or-goreng-pisang-1326728255.jpg	https://www.shutterstock.com/image-photo/pisang-goreng-1326728255
../data_google_images_download//92.pisang-goreng-fried-banana-served-wooden-table-popular-street-food-south-east-asia-especially-malaysia-indonesia-182926655.jpg	https://www.dreamstime.com/pisang-goreng-fried-banana-served-wooden-table-popular-street-food-south-east-asia-especially-malaysia-indonesia-image182926655
../data_google_images_download//93.1802-photo.jpg	https://www.halaltag.com/food/99
../data_google_images_download//94.website.jpg	https://luveenalee.com/the-secret-to-crunchy-banana-fritters-cara-membuat-goreng-pisang-rangup-crispy-banana-fritters-pisang-goreng-rangup/
../data_google_images_download//95.5407.jpg	https://tokowarisan.sg/products/shekin-pisang-goreng/
../data_google_images_download//96.banana-fritter2-6.jpg.webp	https://recipesformen.com/recipe-for-banana-fritters/
../data_google_images_download//97.412964.jpeg	https://www.rasa.my/mudahnya-masak-pisang-goreng-tepung-rangup-krup-krap-memang-sedap/
